<?xml version="1.0" encoding="UTF-8"?>
<!-- Generated by org.testng.reporters.JUnitReportReporter -->
<testsuite hostname="DESKTOP-4FNJMTJ" failures="0" tests="1" name="com.atmecs.openmrs.testscript.RegisterTestscript" time="140.714" errors="0" timestamp="2020-12-22T12:28:36 IST" skipped="0">
  <testcase classname="com.atmecs.openmrs.testscript.RegisterTestscript" name="register" time="140.714"/>
  <system-out/>
</testsuite> <!-- com.atmecs.openmrs.testscript.RegisterTestscript -->
